<?xml version="1.0" encoding="UTF-8"?>
<testng-results ignored="0" total="2" passed="2" failed="0" skipped="0">
  <reporter-output>
  </reporter-output>
  <suite started-at="2023-05-23T09:01:09 EAT" name="Command line suite" finished-at="2023-05-23T09:02:17 EAT" duration-ms="67719">
    <groups>
    </groups>
    <test started-at="2023-05-23T09:01:09 EAT" name="Command line test" finished-at="2023-05-23T09:02:17 EAT" duration-ms="67719">
      <class name="org.selenium.tests.TestClass">
        <test-method is-config="true" signature="startDriver()[pri:0, instance:org.selenium.tests.TestClass@1f97cf0d]" started-at="2023-05-23T09:01:53 EAT" name="startDriver" finished-at="2023-05-23T09:01:55 EAT" duration-ms="2364" status="PASS">
          <reporter-output>
          </reporter-output>
        </test-method> <!-- startDriver -->
        <test-method signature="testing()[pri:0, instance:org.selenium.tests.TestClass@1f97cf0d]" started-at="2023-05-23T09:01:55 EAT" name="testing" finished-at="2023-05-23T09:02:16 EAT" duration-ms="21126" status="PASS">
          <reporter-output>
          </reporter-output>
        </test-method> <!-- testing -->
        <test-method is-config="true" signature="quitDriver()[pri:0, instance:org.selenium.tests.TestClass@1f97cf0d]" started-at="2023-05-23T09:02:16 EAT" name="quitDriver" finished-at="2023-05-23T09:02:17 EAT" duration-ms="817" status="PASS">
          <reporter-output>
          </reporter-output>
        </test-method> <!-- quitDriver -->
      </class> <!-- org.selenium.tests.TestClass -->
      <class name="org.selenium.tests.Test2">
        <test-method is-config="true" signature="startDriver()[pri:0, instance:org.selenium.tests.Test2@17a7f733]" started-at="2023-05-23T09:01:09 EAT" name="startDriver" finished-at="2023-05-23T09:01:19 EAT" duration-ms="9420" status="PASS">
          <reporter-output>
          </reporter-output>
        </test-method> <!-- startDriver -->
        <test-method signature="checkoutAndLogin()[pri:0, instance:org.selenium.tests.Test2@17a7f733]" started-at="2023-05-23T09:01:19 EAT" name="checkoutAndLogin" finished-at="2023-05-23T09:01:52 EAT" duration-ms="33243" status="PASS">
          <reporter-output>
          </reporter-output>
        </test-method> <!-- checkoutAndLogin -->
        <test-method is-config="true" signature="quitDriver()[pri:0, instance:org.selenium.tests.Test2@17a7f733]" started-at="2023-05-23T09:01:52 EAT" name="quitDriver" finished-at="2023-05-23T09:01:53 EAT" duration-ms="680" status="PASS">
          <reporter-output>
          </reporter-output>
        </test-method> <!-- quitDriver -->
      </class> <!-- org.selenium.tests.Test2 -->
    </test> <!-- Command line test -->
  </suite> <!-- Command line suite -->
</testng-results>
